<?xml version="1.0" encoding="UTF-8"?>
<testsuite xmlns:xsi="http://www.w3.org/2001/XMLSchema-instance" xsi:noNamespaceSchemaLocation="https://maven.apache.org/surefire/maven-surefire-plugin/xsd/surefire-test-report-3.0.xsd" version="3.0" name="TestSuite" time="9.561" tests="2" errors="0" skipped="0" failures="0">
  <properties>
[...]
</properties>
  <testcase name="testAuthGoogleEndpoint" classname="org.tabin.auth.AuthApiTest" time="0.91">
    <system-out><![CDATA[Response Body: {"token":"eyJhbGciOiJIUzI1NiIsInR5cCI6IkpXVCJ9.eyJnb29nbGVfaWQiOiIxMDI5NTI3MTQxOTkyMzc1NTA1MjMiLCJpYXQiOjE3NDQ3NzY3OTgsImV4cCI6MTc0NDc3NzY5OH0.W0H7JUcvjL4UAOoZrwK3ov6Rf85zrBn-_U9Wugf91Hg","user":{"_id":"67edcfa4b5e71db0d723e2e1","first_name":"Tabin","last_name":"io","email":"tabin.code@gmail.com","google_id":"102952714199237550523","image_url":"https://lh3.googleusercontent.com/a-/ALV-UjXPENn25jjFe_WZVvbAPnlJCTa4026FJMAHyLk-bfPwFxfp29y-3OEpZZ_Sy4vrudOeB8dzsVttO5TGMwmoCkx5eHzYEnK0aDgFNDMKijPdbq95NUSG8ScSzoKo1_B3f_1rrMMkloi6E0VV2_pNRGHjOIBKAcTqBxokBzRCviwMjKNZi3iVU9oUwcVgXiO8BzZaiwf2QCJ2t8HSSgLWP9QeL5qiDWkJCpGBkyeQZy7uFwyqRIBgxdFvYvwieoct4noBK7fUJisvDKC2P4j-vNGqVvagUGEmTvLlnNVoZNa-Wa3NOi8ud5c92d0ooy7fmsyBs8e8G2qEGr5eZGFC1S_OUDKupSySwUJXNWChgzJtIE3pG8KUE_R5s2RnbhaHu42d1P4KzC8WvsP5Bq6eua_r398jB1gP8LXzCdg31cbrFNcu4Pfo2w1ozhsbFNwaKR2E8gb46IrffrmSRqKny28doXBRheRsuswqies-d9VrBV2wBqCM-vvuxQbCpO_yHsjRTpoRZnasHS8YO4zztxjZooy9l_hI68kxu0ihyuWkzucQylSBqC5Bk-1ndx3Mtemaqv-bmnPp7KTUXkW21kAo0-vhZMMi2zOnxkFyik-Ukw6gwMT1PxDRN6TY4cYU2nkpaf77R5sSH7ot-Cfyofn0KJCfaG0mmRZOqpPqJ9CuKtw_plmV7jdEAh_n2LgvWXeGNQabTMRwpWAn1TtKqBPtIhIj176lB2kJ21BIKykMhgucinVcEh4iMIs-NsPZWG-qb_oJW9UvwxDdS1BnHLs7YEn1jsJXjsjHM7Z1_ipAlGuTnV4fD1E-Cwa7lnc_QNJ7pACHts2zd1PsD1hCuX4D_XRlkqLov8UQFuqiC5DleEq9OM2-eBmyJQK30-wwrYcfIJZLrGFZN0LYxe3aHoSOXD8IUEGPOnFbXyO3-mpIEPXNCZcFRiRJZvMnjHY7qe4xYhvhK8Ogya2eMe-34paj=s96-c","admin":false,"paid":false,"createdAt":"2025-04-03T00:00:36.645Z","updatedAt":"2025-04-03T00:00:36.645Z","__v":0}}
]]></system-out>
  </testcase>
  <testcase name="testSharedAccessToken" classname="org.tabin.auth.AuthApiTest" time="0.001">
    <system-out><![CDATA[ID Access Token: eyJhbGciOiJSUzI1NiIsImtpZCI6ImMzN2RhNzVjOWZiZTE4YzJjZTkxMjViOWFhMWYzMDBkY2IzMWU4ZDkiLCJ0eXAiOiJKV1QifQ.eyJpc3MiOiJodHRwczovL2FjY291bnRzLmdvb2dsZS5jb20iLCJhenAiOiIyODQxODA5OTc2MTYtdWozdjJtOHQ1MzhhczgzdHRibHMwbGV0ZjBoY2QxbnQuYXBwcy5nb29nbGV1c2VyY29udGVudC5jb20iLCJhdWQiOiIyODQxODA5OTc2MTYtdWozdjJtOHQ1MzhhczgzdHRibHMwbGV0ZjBoY2QxbnQuYXBwcy5nb29nbGV1c2VyY29udGVudC5jb20iLCJzdWIiOiIxMDI5NTI3MTQxOTkyMzc1NTA1MjMiLCJlbWFpbCI6InRhYmluLmNvZGVAZ21haWwuY29tIiwiZW1haWxfdmVyaWZpZWQiOnRydWUsImF0X2hhc2giOiJPN2FZR0poSFRfUnZvMVhHMEppVEd3Iiwibm9uY2UiOiJiaHB2ZTRqaHA3dCIsIm5iZiI6MTc0NDc3NjQ5NywibmFtZSI6IlRhYmluIGlvIiwiZ2l2ZW5fbmFtZSI6IlRhYmluIiwiZmFtaWx5X25hbWUiOiJpbyIsImlhdCI6MTc0NDc3Njc5NywiZXhwIjoxNzQ0NzgwMzk3LCJqdGkiOiJkNzkxMTVlMDI1OWJhNTRkOTFjNGRjNDdiYjY1M2Q3MjMyYWM2MmQ4In0.dzNvvG7DJayYu2FyqGkObKCCcRoywS-oXtV5G_Iu7akM-uyeZwqRha9U_R5H1FrXO6lorPeCgeJQS-7vPiVwE5QYramoorArStFiLAVruqWBvf04eddy-2x9xP7ANPA4oW9-966E6neKxLpgNWTd9jSWqa9dkMLXdrZAFbmveP1rs8YiI-2X8Pbw_duCEnDBl3gwi12LHb2Q5ZjOIHU066Shv1DW9gN9a3qiER7IdXW244NFtl6zpWR71j9-5kaBYtwW3hSZuEXk_jC99vlomT5HIhB6zMyXiyRyQy_p7tKubAAkmIdB9M5i8oTduXfOGWJAubgmf_iE-BvRPfuUtQ
]]></system-out>
  </testcase>
</testsuite>